Build started 19/12/2018 10:13:10 CH.
     1>Project "E:\a\Documents\Visual Studio 2013\Projects\LogicalExpressionOptimizing\LogicalExpressionOptimizing\LogicalExpressionOptimizing.vcxproj" on node 2 (Build target(s)).
     1>ClCompile:
         C:\Program Files (x86)\Microsoft Visual Studio 12.0\VC\bin\CL.exe /c /ZI /nologo /W3 /WX- /sdl /Od /Oy- /D _MBCS /Gm /EHsc /RTC1 /MDd /GS /fp:precise /Zc:wchar_t /Zc:forScope /Fo"Debug\\" /Fd"Debug\vc120.pdb" /Gd /TP /analyze- /errorReport:prompt main.cpp
         main.cpp
     1>e:\a\documents\visual studio 2013\projects\logicalexpressionoptimizing\logicalexpressionoptimizing\expression.h(15): warning C4018: '<' : signed/unsigned mismatch
     1>e:\a\documents\visual studio 2013\projects\logicalexpressionoptimizing\logicalexpressionoptimizing\expression.h(19): warning C4018: '<' : signed/unsigned mismatch
     1>e:\a\documents\visual studio 2013\projects\logicalexpressionoptimizing\logicalexpressionoptimizing\expression.h(40): warning C4018: '<' : signed/unsigned mismatch
     1>e:\a\documents\visual studio 2013\projects\logicalexpressionoptimizing\logicalexpressionoptimizing\expression.h(53): warning C4018: '<' : signed/unsigned mismatch
     1>e:\a\documents\visual studio 2013\projects\logicalexpressionoptimizing\logicalexpressionoptimizing\expression.h(74): warning C4018: '<' : signed/unsigned mismatch
     1>e:\a\documents\visual studio 2013\projects\logicalexpressionoptimizing\logicalexpressionoptimizing\expression.h(99): warning C4018: '<' : signed/unsigned mismatch
     1>e:\a\documents\visual studio 2013\projects\logicalexpressionoptimizing\logicalexpressionoptimizing\expression.h(111): warning C4018: '<' : signed/unsigned mismatch
     1>e:\a\documents\visual studio 2013\projects\logicalexpressionoptimizing\logicalexpressionoptimizing\expression.h(146): warning C4018: '<' : signed/unsigned mismatch
     1>e:\a\documents\visual studio 2013\projects\logicalexpressionoptimizing\logicalexpressionoptimizing\expression.h(149): warning C4018: '<' : signed/unsigned mismatch
     1>e:\a\documents\visual studio 2013\projects\logicalexpressionoptimizing\logicalexpressionoptimizing\expression.h(168): warning C4018: '<' : signed/unsigned mismatch
     1>e:\a\documents\visual studio 2013\projects\logicalexpressionoptimizing\logicalexpressionoptimizing\expression.h(188): warning C4018: '<' : signed/unsigned mismatch
     1>e:\a\documents\visual studio 2013\projects\logicalexpressionoptimizing\logicalexpressionoptimizing\expressionoptimizer.h(19): warning C4018: '>' : signed/unsigned mismatch
     1>e:\a\documents\visual studio 2013\projects\logicalexpressionoptimizing\logicalexpressionoptimizing\expressionoptimizer.h(33): warning C4018: '<' : signed/unsigned mismatch
     1>e:\a\documents\visual studio 2013\projects\logicalexpressionoptimizing\logicalexpressionoptimizing\main.cpp(16): warning C4018: '<' : signed/unsigned mismatch
       Link:
         C:\Program Files (x86)\Microsoft Visual Studio 12.0\VC\bin\link.exe /ERRORREPORT:PROMPT /OUT:"E:\a\Documents\Visual Studio 2013\Projects\LogicalExpressionOptimizing\Debug\LogicalExpressionOptimizing.exe" /INCREMENTAL /NOLOGO kernel32.lib user32.lib gdi32.lib winspool.lib comdlg32.lib advapi32.lib shell32.lib ole32.lib oleaut32.lib uuid.lib odbc32.lib odbccp32.lib /MANIFEST /MANIFESTUAC:"level='asInvoker' uiAccess='false'" /manifest:embed /DEBUG /PDB:"E:\a\Documents\Visual Studio 2013\Projects\LogicalExpressionOptimizing\Debug\LogicalExpressionOptimizing.pdb" /TLBID:1 /DYNAMICBASE /NXCOMPAT /IMPLIB:"E:\a\Documents\Visual Studio 2013\Projects\LogicalExpressionOptimizing\Debug\LogicalExpressionOptimizing.lib" /MACHINE:X86 Debug\main.obj
         LogicalExpressionOptimizing.vcxproj -> E:\a\Documents\Visual Studio 2013\Projects\LogicalExpressionOptimizing\Debug\LogicalExpressionOptimizing.exe
     1>Done Building Project "E:\a\Documents\Visual Studio 2013\Projects\LogicalExpressionOptimizing\LogicalExpressionOptimizing\LogicalExpressionOptimizing.vcxproj" (Build target(s)).

Build succeeded.

Time Elapsed 00:00:02.14
